{
  "RSpec": {
    "coverage": {
      "/Users/knittingarch/check-me-out/books_api/app/jobs/expired_books_job.rb": {
        "lines": [
          1,
          1,
          null,
          1,
          8,
          null,
          8,
          null,
          8,
          null,
          null,
          8,
          null,
          null,
          1,
          null,
          1,
          null,
          8,
          null,
          8,
          null,
          8,
          8,
          7,
          7,
          null,
          1,
          null,
          null,
          null,
          8,
          null,
          null
        ]
      },
      "/Users/knittingarch/check-me-out/books_api/app/jobs/application_job.rb": {
        "lines": [
          1,
          null,
          null,
          null,
          null,
          null,
          null
        ]
      },
      "/Users/knittingarch/check-me-out/books_api/app/models/author.rb": {
        "lines": [
          1,
          1,
          null,
          1,
          null
        ]
      },
      "/Users/knittingarch/check-me-out/books_api/app/models/application_record.rb": {
        "lines": [
          1,
          1,
          null
        ]
      },
      "/Users/knittingarch/check-me-out/books_api/app/models/book.rb": {
        "lines": [
          1,
          1,
          null,
          1,
          null,
          1,
          1,
          1,
          1,
          1,
          1,
          null,
          1,
          null,
          1,
          184,
          null,
          null,
          null,
          1,
          601,
          null,
          601,
          null,
          null,
          560,
          null,
          null,
          null,
          null,
          null,
          560,
          null,
          5,
          null,
          null,
          null,
          null,
          1,
          2,
          null,
          1,
          null,
          null,
          null,
          1,
          2,
          null,
          1,
          null,
          null,
          1,
          9,
          null,
          9,
          null,
          null,
          1,
          1,
          null,
          1,
          null,
          null,
          1,
          null,
          1,
          null,
          601,
          null,
          null,
          601,
          601,
          null,
          null,
          null,
          null,
          null,
          null,
          601,
          null,
          null,
          1,
          null,
          null,
          null,
          652,
          27,
          null,
          null,
          625,
          null,
          null,
          null,
          null,
          652,
          null,
          null,
          null,
          null,
          null,
          null,
          null
        ]
      },
      "/Users/knittingarch/check-me-out/books_api/app/controllers/books_controller.rb": {
        "lines": [
          1,
          1,
          1,
          1,
          null,
          null,
          null,
          1,
          3,
          null,
          null,
          3,
          3,
          null,
          null,
          null,
          null,
          3,
          null,
          null,
          null,
          null,
          1,
          2,
          null,
          null,
          null,
          2,
          null,
          null,
          null,
          null,
          1,
          5,
          null,
          4,
          4,
          null,
          0,
          null,
          null,
          null,
          null,
          null,
          1,
          8,
          8,
          null,
          0,
          null,
          null,
          null,
          null,
          null,
          1,
          3,
          3,
          null,
          null,
          1,
          68,
          null,
          null,
          68,
          null,
          66,
          null,
          66,
          65,
          64,
          63,
          62,
          null,
          61,
          null,
          null,
          null,
          null,
          60,
          15,
          null,
          null,
          15,
          null,
          15,
          18,
          18,
          null,
          null,
          18,
          5,
          5,
          null,
          null,
          null,
          18,
          null,
          18,
          2,
          null,
          null,
          null,
          null,
          16,
          null,
          null,
          2,
          null,
          null,
          null,
          null,
          null,
          2,
          null,
          14,
          null,
          null,
          null,
          13,
          null,
          null,
          45,
          null,
          null,
          null,
          null,
          58,
          58,
          null,
          null,
          58,
          3,
          null,
          null,
          55,
          3,
          null,
          null,
          52,
          52,
          52,
          null,
          null,
          52,
          null,
          null,
          52,
          null,
          null,
          52,
          179,
          null,
          null,
          null,
          null,
          null,
          52,
          null,
          null,
          null,
          null,
          null,
          null,
          null,
          null,
          null,
          null,
          52,
          null,
          null,
          1,
          null,
          1,
          16,
          null,
          null,
          1,
          13,
          null,
          null,
          1,
          10,
          3,
          3,
          null,
          7,
          null,
          null,
          1,
          3,
          null,
          null,
          1,
          1,
          null,
          null,
          null,
          1,
          2,
          null,
          null,
          1,
          66,
          null,
          16,
          null,
          16,
          16,
          null,
          null,
          null,
          16,
          null,
          null,
          0,
          null,
          null,
          1,
          66,
          null,
          4,
          null,
          4,
          0,
          0,
          null,
          null,
          4,
          1,
          null,
          null,
          3,
          8,
          8,
          3,
          null,
          null,
          3,
          null,
          null,
          1,
          65,
          null,
          3,
          null,
          3,
          0,
          0,
          null,
          null,
          3,
          1,
          null,
          null,
          2,
          5,
          5,
          2,
          null,
          null,
          2,
          null,
          null,
          1,
          64,
          null,
          3,
          null,
          3,
          0,
          0,
          null,
          null,
          3,
          1,
          null,
          null,
          2,
          6,
          6,
          2,
          null,
          null,
          2,
          null,
          null,
          1,
          63,
          null,
          7,
          7,
          6,
          null,
          1,
          1,
          null,
          null,
          6,
          null,
          null,
          1,
          62,
          null,
          null,
          3,
          2,
          null,
          1,
          1,
          null,
          null,
          2,
          null,
          null,
          1,
          61,
          341,
          null,
          null,
          61,
          null,
          null,
          61,
          1,
          1,
          null,
          null,
          60,
          null,
          null
        ]
      },
      "/Users/knittingarch/check-me-out/books_api/app/controllers/application_controller.rb": {
        "lines": [
          1,
          null
        ]
      },
      "/Users/knittingarch/check-me-out/books_api/app/channels/application_cable/channel.rb": {
        "lines": [
          0,
          0,
          0,
          0
        ],
        "branches": {}
      },
      "/Users/knittingarch/check-me-out/books_api/app/channels/application_cable/connection.rb": {
        "lines": [
          0,
          0,
          0,
          0
        ],
        "branches": {}
      },
      "/Users/knittingarch/check-me-out/books_api/app/mailers/application_mailer.rb": {
        "lines": [
          0,
          0,
          0,
          0
        ],
        "branches": {}
      }
    },
    "timestamp": 1756752699
  }
}
